Line 91: Class MSComctlLib.ListView of control ListView1 was not a loaded control class.
Line 149: Class MSComCtl2.DTPicker of control DTPickerLastDate was not a loaded control class.
Line 161: Class MSComCtl2.DTPicker of control DTPickerStartDate was not a loaded control class.
Line 187: Class ComctlLib.ProgressBar of control ProgressBar1 was not a loaded control class.
Line 97: The property name _ExtentX in ListView1 is invalid.
Line 98: The property name _ExtentY in ListView1 is invalid.
Line 99: The property name View in ListView1 is invalid.
Line 100: The property name LabelWrap in ListView1 is invalid.
Line 101: The property name HideSelection in ListView1 is invalid.
Line 102: The property name AllowReorder in ListView1 is invalid.
Line 103: The property name Checkboxes in ListView1 is invalid.
Line 104: The property name FullRowSelect in ListView1 is invalid.
Line 105: The property name GridLines in ListView1 is invalid.
Line 106: The property name HotTracking in ListView1 is invalid.
Line 107: The property name _Version in ListView1 is invalid.
Line 121: The property name NumItems in ListView1 is invalid.
Line 155: The property name _ExtentX in DTPickerLastDate is invalid.
Line 156: The property name _ExtentY in DTPickerLastDate is invalid.
Line 157: The property name _Version in DTPickerLastDate is invalid.
Line 158: The property name Format in DTPickerLastDate is invalid.
Line 159: The property name CurrentDate in DTPickerLastDate is invalid.
Line 167: The property name _ExtentX in DTPickerStartDate is invalid.
Line 168: The property name _ExtentY in DTPickerStartDate is invalid.
Line 169: The property name _Version in DTPickerStartDate is invalid.
Line 170: The property name Format in DTPickerStartDate is invalid.
Line 171: The property name CurrentDate in DTPickerStartDate is invalid.
Line 193: The property name _ExtentX in ProgressBar1 is invalid.
Line 194: The property name _ExtentY in ProgressBar1 is invalid.
Line 195: The property name _Version in ProgressBar1 is invalid.
